        -:    0:Source:test.c
        -:    0:Graph:test.gcno
        -:    0:Data:test.gcda
        -:    0:Runs:1
        -:    0:Programs:1
        -:    1:/**
        -:    2: * gcc -fprofile-arcs -ftest-coverage test.c
        -:    3: */
        -:    4:#include <stdio.h>
        -:    5:
        1:    6:int main(int argc, char **argv)
        1:    6-block  0
        -:    7:{
        -:    8:    int i, total;
        1:    9:    total = 0;
        -:   10:
       11:   11:    for (i = 0; i < 10; i++)
        1:   11-block  0
       10:   11-block  1
       11:   11-block  2
       10:   12:        total += i;
        -:   13:
        1:   14:    if (total != 45)
        1:   14-block  0
    #####:   15:        printf ("Failure\n");
    $$$$$:   15-block  0
        -:   16:    else
        1:   17:        printf ("Success\n");
        1:   17-block  0
        -:   18:
        1:   19:    return 0;
        1:   19-block  0
        -:   20:}
